<?xml version="1.0" encoding="UTF-8"?>
<testsuite name="com.qa.trello.tests.BoardCreationTests" tests="1" skipped="0" failures="1" errors="0" timestamp="2020-04-16T13:23:16" hostname="Daniel" time="15.134">
  <properties/>
  <testcase name="testBoardCreation" classname="com.qa.trello.tests.BoardCreationTests" time="15.134">
    <failure message="org.openqa.selenium.StaleElementReferenceException: stale element reference: element is not attached to the page document&#10;  (Session info: chrome=80.0.3987.163)&#10;For documentation on this error, please visit: https://www.seleniumhq.org/exceptions/stale_element_reference.html&#10;Build info: version: '3.141.59', revision: 'e82be7d358', time: '2018-11-14T08:17:03'&#10;System info: host: 'DANIEL', ip: '192.168.1.15', os.name: 'Windows 8.1', os.arch: 'amd64', os.version: '6.3', java.version: '1.8.0_131'&#10;Driver info: org.openqa.selenium.chrome.ChromeDriver&#10;Capabilities {acceptInsecureCerts: false, browserName: chrome, browserVersion: 80.0.3987.163, chrome: {chromedriverVersion: 80.0.3987.106 (f68069574609..., userDataDir: C:\Users\Daniel\AppData\Loc...}, goog:chromeOptions: {debuggerAddress: localhost:58726}, javascriptEnabled: true, networkConnectionEnabled: false, pageLoadStrategy: normal, platform: WINDOWS, platformName: WINDOWS, proxy: Proxy(), setWindowRect: true, strictFileInteractability: false, timeouts: {implicit: 0, pageLoad: 300000, script: 30000}, unhandledPromptBehavior: dismiss and notify}&#10;Session ID: c867e45c1c8a1e75c03d767cfb464451" type="org.openqa.selenium.StaleElementReferenceException">org.openqa.selenium.StaleElementReferenceException: stale element reference: element is not attached to the page document
  (Session info: chrome=80.0.3987.163)
For documentation on this error, please visit: https://www.seleniumhq.org/exceptions/stale_element_reference.html
Build info: version: '3.141.59', revision: 'e82be7d358', time: '2018-11-14T08:17:03'
System info: host: 'DANIEL', ip: '192.168.1.15', os.name: 'Windows 8.1', os.arch: 'amd64', os.version: '6.3', java.version: '1.8.0_131'
Driver info: org.openqa.selenium.chrome.ChromeDriver
Capabilities {acceptInsecureCerts: false, browserName: chrome, browserVersion: 80.0.3987.163, chrome: {chromedriverVersion: 80.0.3987.106 (f68069574609..., userDataDir: C:\Users\Daniel\AppData\Loc...}, goog:chromeOptions: {debuggerAddress: localhost:58726}, javascriptEnabled: true, networkConnectionEnabled: false, pageLoadStrategy: normal, platform: WINDOWS, platformName: WINDOWS, proxy: Proxy(), setWindowRect: true, strictFileInteractability: false, timeouts: {implicit: 0, pageLoad: 300000, script: 30000}, unhandledPromptBehavior: dismiss and notify}
Session ID: c867e45c1c8a1e75c03d767cfb464451
	at sun.reflect.NativeConstructorAccessorImpl.newInstance0(Native Method)
	at sun.reflect.NativeConstructorAccessorImpl.newInstance(NativeConstructorAccessorImpl.java:62)
	at sun.reflect.DelegatingConstructorAccessorImpl.newInstance(DelegatingConstructorAccessorImpl.java:45)
	at java.lang.reflect.Constructor.newInstance(Constructor.java:423)
	at org.openqa.selenium.remote.http.W3CHttpResponseCodec.createException(W3CHttpResponseCodec.java:187)
	at org.openqa.selenium.remote.http.W3CHttpResponseCodec.decode(W3CHttpResponseCodec.java:122)
	at org.openqa.selenium.remote.http.W3CHttpResponseCodec.decode(W3CHttpResponseCodec.java:49)
	at org.openqa.selenium.remote.HttpCommandExecutor.execute(HttpCommandExecutor.java:158)
	at org.openqa.selenium.remote.service.DriverCommandExecutor.execute(DriverCommandExecutor.java:83)
	at org.openqa.selenium.remote.RemoteWebDriver.execute(RemoteWebDriver.java:552)
	at org.openqa.selenium.remote.RemoteWebElement.execute(RemoteWebElement.java:285)
	at org.openqa.selenium.remote.RemoteWebElement.click(RemoteWebElement.java:84)
	at com.qa.trello.tests.BoardCreationTests.click(BoardCreationTests.java:70)
	at com.qa.trello.tests.BoardCreationTests.type(BoardCreationTests.java:64)
	at com.qa.trello.tests.BoardCreationTests.fillLoginFormAtlassian(BoardCreationTests.java:56)
	at com.qa.trello.tests.BoardCreationTests.testBoardCreation(BoardCreationTests.java:37)
	at sun.reflect.NativeMethodAccessorImpl.invoke0(Native Method)
	at sun.reflect.NativeMethodAccessorImpl.invoke(NativeMethodAccessorImpl.java:62)
	at sun.reflect.DelegatingMethodAccessorImpl.invoke(DelegatingMethodAccessorImpl.java:43)
	at java.lang.reflect.Method.invoke(Method.java:498)
	at org.testng.internal.MethodInvocationHelper.invokeMethod(MethodInvocationHelper.java:134)
	at org.testng.internal.TestInvoker.invokeMethod(TestInvoker.java:597)
	at org.testng.internal.TestInvoker.invokeTestMethod(TestInvoker.java:173)
	at org.testng.internal.MethodRunner.runInSequence(MethodRunner.java:46)
	at org.testng.internal.TestInvoker$MethodInvocationAgent.invoke(TestInvoker.java:816)
	at org.testng.internal.TestInvoker.invokeTestMethods(TestInvoker.java:146)
	at org.testng.internal.TestMethodWorker.invokeTestMethods(TestMethodWorker.java:146)
	at org.testng.internal.TestMethodWorker.run(TestMethodWorker.java:128)
	at java.util.ArrayList.forEach(ArrayList.java:1249)
	at org.testng.TestRunner.privateRun(TestRunner.java:766)
	at org.testng.TestRunner.run(TestRunner.java:587)
	at org.testng.SuiteRunner.runTest(SuiteRunner.java:384)
	at org.testng.SuiteRunner.runSequentially(SuiteRunner.java:378)
	at org.testng.SuiteRunner.privateRun(SuiteRunner.java:337)
	at org.testng.SuiteRunner.run(SuiteRunner.java:286)
	at org.testng.SuiteRunnerWorker.runSuite(SuiteRunnerWorker.java:53)
	at org.testng.SuiteRunnerWorker.run(SuiteRunnerWorker.java:96)
	at org.testng.TestNG.runSuitesSequentially(TestNG.java:1187)
	at org.testng.TestNG.runSuitesLocally(TestNG.java:1109)
	at org.testng.TestNG.runSuites(TestNG.java:1039)
	at org.testng.TestNG.run(TestNG.java:1007)
	at org.gradle.api.internal.tasks.testing.testng.TestNGTestClassProcessor.runTests(TestNGTestClassProcessor.java:141)
	at org.gradle.api.internal.tasks.testing.testng.TestNGTestClassProcessor.stop(TestNGTestClassProcessor.java:90)
	at org.gradle.api.internal.tasks.testing.SuiteTestClassProcessor.stop(SuiteTestClassProcessor.java:61)
	at sun.reflect.NativeMethodAccessorImpl.invoke0(Native Method)
	at sun.reflect.NativeMethodAccessorImpl.invoke(NativeMethodAccessorImpl.java:62)
	at sun.reflect.DelegatingMethodAccessorImpl.invoke(DelegatingMethodAccessorImpl.java:43)
	at java.lang.reflect.Method.invoke(Method.java:498)
	at org.gradle.internal.dispatch.ReflectionDispatch.dispatch(ReflectionDispatch.java:35)
	at org.gradle.internal.dispatch.ReflectionDispatch.dispatch(ReflectionDispatch.java:24)
	at org.gradle.internal.dispatch.ContextClassLoaderDispatch.dispatch(ContextClassLoaderDispatch.java:32)
	at org.gradle.internal.dispatch.ProxyDispatchAdapter$DispatchingInvocationHandler.invoke(ProxyDispatchAdapter.java:93)
	at com.sun.proxy.$Proxy2.stop(Unknown Source)
	at org.gradle.api.internal.tasks.testing.worker.TestWorker.stop(TestWorker.java:132)
	at sun.reflect.NativeMethodAccessorImpl.invoke0(Native Method)
	at sun.reflect.NativeMethodAccessorImpl.invoke(NativeMethodAccessorImpl.java:62)
	at sun.reflect.DelegatingMethodAccessorImpl.invoke(DelegatingMethodAccessorImpl.java:43)
	at java.lang.reflect.Method.invoke(Method.java:498)
	at org.gradle.internal.dispatch.ReflectionDispatch.dispatch(ReflectionDispatch.java:35)
	at org.gradle.internal.dispatch.ReflectionDispatch.dispatch(ReflectionDispatch.java:24)
	at org.gradle.internal.remote.internal.hub.MessageHubBackedObjectConnection$DispatchWrapper.dispatch(MessageHubBackedObjectConnection.java:175)
	at org.gradle.internal.remote.internal.hub.MessageHubBackedObjectConnection$DispatchWrapper.dispatch(MessageHubBackedObjectConnection.java:157)
	at org.gradle.internal.remote.internal.hub.MessageHub$Handler.run(MessageHub.java:404)
	at org.gradle.internal.concurrent.ExecutorPolicy$CatchAndRecordFailures.onExecute(ExecutorPolicy.java:63)
	at org.gradle.internal.concurrent.ManagedExecutorImpl$1.run(ManagedExecutorImpl.java:46)
	at java.util.concurrent.ThreadPoolExecutor.runWorker(ThreadPoolExecutor.java:1142)
	at java.util.concurrent.ThreadPoolExecutor$Worker.run(ThreadPoolExecutor.java:617)
	at org.gradle.internal.concurrent.ThreadFactoryImpl$ManagedThreadRunnable.run(ThreadFactoryImpl.java:55)
	at java.lang.Thread.run(Thread.java:748)
</failure>
  </testcase>
  <system-out><![CDATA[]]></system-out>
  <system-err><![CDATA[Starting ChromeDriver 80.0.3987.106 (f68069574609230cf9b635cd784cfb1bf81bb53a-refs/branch-heads/3987@{#882}) on port 11357
Only local connections are allowed.
Please protect ports used by ChromeDriver and related test frameworks to prevent access by malicious code.
Apr 16, 2020 4:23:06 PM org.openqa.selenium.remote.ProtocolHandshake createSession
INFO: Detected dialect: W3C
[1587043389.181][SEVERE]: Timed out receiving message from renderer: 0.100
[1587043389.287][SEVERE]: Timed out receiving message from renderer: 0.100
[1587043389.393][SEVERE]: Timed out receiving message from renderer: 0.100
[1587043389.497][SEVERE]: Timed out receiving message from renderer: 0.100
[1587043389.600][SEVERE]: Timed out receiving message from renderer: 0.100
[1587043389.707][SEVERE]: Timed out receiving message from renderer: 0.100
[1587043390.862][SEVERE]: Timed out receiving message from renderer: 0.100
[1587043391.503][SEVERE]: Timed out receiving message from renderer: 0.100
[1587043391.813][SEVERE]: Timed out receiving message from renderer: 0.100
[1587043392.408][SEVERE]: Timed out receiving message from renderer: 0.100
[1587043394.286][SEVERE]: Timed out receiving message from renderer: 0.100
[1587043394.410][SEVERE]: Timed out receiving message from renderer: 0.100
[1587043394.537][SEVERE]: Timed out receiving message from renderer: 0.100
[1587043394.850][SEVERE]: Timed out receiving message from renderer: 0.100
[1587043395.037][SEVERE]: Timed out receiving message from renderer: 0.100
[1587043395.161][SEVERE]: Timed out receiving message from renderer: 0.100
[1587043395.298][SEVERE]: Timed out receiving message from renderer: 0.100
[1587043395.465][SEVERE]: Timed out receiving message from renderer: 0.100
[1587043395.601][SEVERE]: Timed out receiving message from renderer: 0.100
[1587043395.775][SEVERE]: Timed out receiving message from renderer: 0.100
[1587043395.897][SEVERE]: Timed out receiving message from renderer: 0.100
[1587043396.019][SEVERE]: Timed out receiving message from renderer: 0.100
[1587043396.238][SEVERE]: Timed out receiving message from renderer: 0.100
[1587043396.345][SEVERE]: Timed out receiving message from renderer: 0.100
[1587043404.563][SEVERE]: Timed out receiving message from renderer: 0.100
[1587043404.673][SEVERE]: Timed out receiving message from renderer: 0.100
[1587043404.809][SEVERE]: Timed out receiving message from renderer: 0.100
[1587043404.915][SEVERE]: Timed out receiving message from renderer: 0.100
[1587043405.024][SEVERE]: Timed out receiving message from renderer: 0.100
[1587043405.132][SEVERE]: Timed out receiving message from renderer: 0.100
[1587043405.237][SEVERE]: Timed out receiving message from renderer: 0.100
[1587043405.342][SEVERE]: Timed out receiving message from renderer: 0.100
[1587043405.449][SEVERE]: Timed out receiving message from renderer: 0.100
[1587043405.555][SEVERE]: Timed out receiving message from renderer: 0.100
[1587043405.658][SEVERE]: Timed out receiving message from renderer: 0.100
[1587043405.769][SEVERE]: Timed out receiving message from renderer: 0.100
[1587043405.871][SEVERE]: Timed out receiving message from renderer: 0.100
[1587043405.981][SEVERE]: Timed out receiving message from renderer: 0.100
[1587043406.084][SEVERE]: Timed out receiving message from renderer: 0.100
[1587043406.277][SEVERE]: Timed out receiving message from renderer: 0.100
[1587043406.384][SEVERE]: Timed out receiving message from renderer: 0.100
[1587043406.488][SEVERE]: Timed out receiving message from renderer: 0.100
[1587043406.593][SEVERE]: Timed out receiving message from renderer: 0.100
[1587043407.794][SEVERE]: Timed out receiving message from renderer: 0.100
[1587043407.897][SEVERE]: Timed out receiving message from renderer: 0.100
[1587043408.002][SEVERE]: Timed out receiving message from renderer: 0.100
[1587043408.128][SEVERE]: Timed out receiving message from renderer: 0.100
[1587043408.524][SEVERE]: Timed out receiving message from renderer: 0.100
[1587043408.808][SEVERE]: Timed out receiving message from renderer: 0.100
[1587043409.813][SEVERE]: Timed out receiving message from renderer: 0.100
[1587043410.060][SEVERE]: Timed out receiving message from renderer: 0.100
[1587043410.522][SEVERE]: Timed out receiving message from renderer: 0.100
[1587043410.852][SEVERE]: Timed out receiving message from renderer: 0.100
[1587043411.049][SEVERE]: Timed out receiving message from renderer: 0.100
[1587043411.181][SEVERE]: Timed out receiving message from renderer: 0.100
[1587043411.388][SEVERE]: Timed out receiving message from renderer: 0.100
]]></system-err>
</testsuite>
