<?xml version="1.0" encoding="UTF-8"?>
<testsuite name="com.qa.trello.tests.GroupCreationTests" tests="1" skipped="0" failures="1" errors="0" timestamp="2020-04-18T08:40:23" hostname="Daniel" time="14.491">
  <properties/>
  <testcase name="testGroupCreation" classname="com.qa.trello.tests.GroupCreationTests" time="14.491">
    <failure message="org.openqa.selenium.StaleElementReferenceException: stale element reference: element is not attached to the page document&#10;  (Session info: chrome=80.0.3987.163)&#10;For documentation on this error, please visit: https://www.seleniumhq.org/exceptions/stale_element_reference.html&#10;Build info: version: '3.141.59', revision: 'e82be7d358', time: '2018-11-14T08:17:03'&#10;System info: host: 'DANIEL', ip: '192.168.1.15', os.name: 'Windows 8.1', os.arch: 'amd64', os.version: '6.3', java.version: '1.8.0_131'&#10;Driver info: org.openqa.selenium.chrome.ChromeDriver&#10;Capabilities {acceptInsecureCerts: false, browserName: chrome, browserVersion: 80.0.3987.163, chrome: {chromedriverVersion: 80.0.3987.106 (f68069574609..., userDataDir: C:\Users\Daniel\AppData\Loc...}, goog:chromeOptions: {debuggerAddress: localhost:60176}, javascriptEnabled: true, networkConnectionEnabled: false, pageLoadStrategy: normal, platform: WINDOWS, platformName: WINDOWS, proxy: Proxy(), setWindowRect: true, strictFileInteractability: false, timeouts: {implicit: 0, pageLoad: 300000, script: 30000}, unhandledPromptBehavior: dismiss and notify}&#10;Session ID: bd83ebfac1537dc68a82e21506e56468" type="org.openqa.selenium.StaleElementReferenceException">org.openqa.selenium.StaleElementReferenceException: stale element reference: element is not attached to the page document
  (Session info: chrome=80.0.3987.163)
For documentation on this error, please visit: https://www.seleniumhq.org/exceptions/stale_element_reference.html
Build info: version: '3.141.59', revision: 'e82be7d358', time: '2018-11-14T08:17:03'
System info: host: 'DANIEL', ip: '192.168.1.15', os.name: 'Windows 8.1', os.arch: 'amd64', os.version: '6.3', java.version: '1.8.0_131'
Driver info: org.openqa.selenium.chrome.ChromeDriver
Capabilities {acceptInsecureCerts: false, browserName: chrome, browserVersion: 80.0.3987.163, chrome: {chromedriverVersion: 80.0.3987.106 (f68069574609..., userDataDir: C:\Users\Daniel\AppData\Loc...}, goog:chromeOptions: {debuggerAddress: localhost:60176}, javascriptEnabled: true, networkConnectionEnabled: false, pageLoadStrategy: normal, platform: WINDOWS, platformName: WINDOWS, proxy: Proxy(), setWindowRect: true, strictFileInteractability: false, timeouts: {implicit: 0, pageLoad: 300000, script: 30000}, unhandledPromptBehavior: dismiss and notify}
Session ID: bd83ebfac1537dc68a82e21506e56468
	at sun.reflect.NativeConstructorAccessorImpl.newInstance0(Native Method)
	at sun.reflect.NativeConstructorAccessorImpl.newInstance(NativeConstructorAccessorImpl.java:62)
	at sun.reflect.DelegatingConstructorAccessorImpl.newInstance(DelegatingConstructorAccessorImpl.java:45)
	at java.lang.reflect.Constructor.newInstance(Constructor.java:423)
	at org.openqa.selenium.remote.http.W3CHttpResponseCodec.createException(W3CHttpResponseCodec.java:187)
	at org.openqa.selenium.remote.http.W3CHttpResponseCodec.decode(W3CHttpResponseCodec.java:122)
	at org.openqa.selenium.remote.http.W3CHttpResponseCodec.decode(W3CHttpResponseCodec.java:49)
	at org.openqa.selenium.remote.HttpCommandExecutor.execute(HttpCommandExecutor.java:158)
	at org.openqa.selenium.remote.service.DriverCommandExecutor.execute(DriverCommandExecutor.java:83)
	at org.openqa.selenium.remote.RemoteWebDriver.execute(RemoteWebDriver.java:552)
	at org.openqa.selenium.remote.RemoteWebElement.execute(RemoteWebElement.java:285)
	at org.openqa.selenium.remote.RemoteWebElement.click(RemoteWebElement.java:84)
	at com.qa.trello.tests.GroupCreationTests.click(GroupCreationTests.java:92)
	at com.qa.trello.tests.GroupCreationTests.type(GroupCreationTests.java:86)
	at com.qa.trello.tests.GroupCreationTests.fillLoginFormAtlassian(GroupCreationTests.java:78)
	at com.qa.trello.tests.GroupCreationTests.testGroupCreation(GroupCreationTests.java:38)
	at sun.reflect.NativeMethodAccessorImpl.invoke0(Native Method)
	at sun.reflect.NativeMethodAccessorImpl.invoke(NativeMethodAccessorImpl.java:62)
	at sun.reflect.DelegatingMethodAccessorImpl.invoke(DelegatingMethodAccessorImpl.java:43)
	at java.lang.reflect.Method.invoke(Method.java:498)
	at org.testng.internal.MethodInvocationHelper.invokeMethod(MethodInvocationHelper.java:134)
	at org.testng.internal.TestInvoker.invokeMethod(TestInvoker.java:597)
	at org.testng.internal.TestInvoker.invokeTestMethod(TestInvoker.java:173)
	at org.testng.internal.MethodRunner.runInSequence(MethodRunner.java:46)
	at org.testng.internal.TestInvoker$MethodInvocationAgent.invoke(TestInvoker.java:816)
	at org.testng.internal.TestInvoker.invokeTestMethods(TestInvoker.java:146)
	at org.testng.internal.TestMethodWorker.invokeTestMethods(TestMethodWorker.java:146)
	at org.testng.internal.TestMethodWorker.run(TestMethodWorker.java:128)
	at java.util.ArrayList.forEach(ArrayList.java:1249)
	at org.testng.TestRunner.privateRun(TestRunner.java:766)
	at org.testng.TestRunner.run(TestRunner.java:587)
	at org.testng.SuiteRunner.runTest(SuiteRunner.java:384)
	at org.testng.SuiteRunner.runSequentially(SuiteRunner.java:378)
	at org.testng.SuiteRunner.privateRun(SuiteRunner.java:337)
	at org.testng.SuiteRunner.run(SuiteRunner.java:286)
	at org.testng.SuiteRunnerWorker.runSuite(SuiteRunnerWorker.java:53)
	at org.testng.SuiteRunnerWorker.run(SuiteRunnerWorker.java:96)
	at org.testng.TestNG.runSuitesSequentially(TestNG.java:1187)
	at org.testng.TestNG.runSuitesLocally(TestNG.java:1109)
	at org.testng.TestNG.runSuites(TestNG.java:1039)
	at org.testng.TestNG.run(TestNG.java:1007)
	at org.gradle.api.internal.tasks.testing.testng.TestNGTestClassProcessor.runTests(TestNGTestClassProcessor.java:141)
	at org.gradle.api.internal.tasks.testing.testng.TestNGTestClassProcessor.stop(TestNGTestClassProcessor.java:90)
	at org.gradle.api.internal.tasks.testing.SuiteTestClassProcessor.stop(SuiteTestClassProcessor.java:61)
	at sun.reflect.NativeMethodAccessorImpl.invoke0(Native Method)
	at sun.reflect.NativeMethodAccessorImpl.invoke(NativeMethodAccessorImpl.java:62)
	at sun.reflect.DelegatingMethodAccessorImpl.invoke(DelegatingMethodAccessorImpl.java:43)
	at java.lang.reflect.Method.invoke(Method.java:498)
	at org.gradle.internal.dispatch.ReflectionDispatch.dispatch(ReflectionDispatch.java:35)
	at org.gradle.internal.dispatch.ReflectionDispatch.dispatch(ReflectionDispatch.java:24)
	at org.gradle.internal.dispatch.ContextClassLoaderDispatch.dispatch(ContextClassLoaderDispatch.java:32)
	at org.gradle.internal.dispatch.ProxyDispatchAdapter$DispatchingInvocationHandler.invoke(ProxyDispatchAdapter.java:93)
	at com.sun.proxy.$Proxy2.stop(Unknown Source)
	at org.gradle.api.internal.tasks.testing.worker.TestWorker.stop(TestWorker.java:132)
	at sun.reflect.NativeMethodAccessorImpl.invoke0(Native Method)
	at sun.reflect.NativeMethodAccessorImpl.invoke(NativeMethodAccessorImpl.java:62)
	at sun.reflect.DelegatingMethodAccessorImpl.invoke(DelegatingMethodAccessorImpl.java:43)
	at java.lang.reflect.Method.invoke(Method.java:498)
	at org.gradle.internal.dispatch.ReflectionDispatch.dispatch(ReflectionDispatch.java:35)
	at org.gradle.internal.dispatch.ReflectionDispatch.dispatch(ReflectionDispatch.java:24)
	at org.gradle.internal.remote.internal.hub.MessageHubBackedObjectConnection$DispatchWrapper.dispatch(MessageHubBackedObjectConnection.java:175)
	at org.gradle.internal.remote.internal.hub.MessageHubBackedObjectConnection$DispatchWrapper.dispatch(MessageHubBackedObjectConnection.java:157)
	at org.gradle.internal.remote.internal.hub.MessageHub$Handler.run(MessageHub.java:404)
	at org.gradle.internal.concurrent.ExecutorPolicy$CatchAndRecordFailures.onExecute(ExecutorPolicy.java:63)
	at org.gradle.internal.concurrent.ManagedExecutorImpl$1.run(ManagedExecutorImpl.java:46)
	at java.util.concurrent.ThreadPoolExecutor.runWorker(ThreadPoolExecutor.java:1142)
	at java.util.concurrent.ThreadPoolExecutor$Worker.run(ThreadPoolExecutor.java:617)
	at org.gradle.internal.concurrent.ThreadFactoryImpl$ManagedThreadRunnable.run(ThreadFactoryImpl.java:55)
	at java.lang.Thread.run(Thread.java:748)
</failure>
  </testcase>
  <system-out><![CDATA[]]></system-out>
  <system-err><![CDATA[Starting ChromeDriver 80.0.3987.106 (f68069574609230cf9b635cd784cfb1bf81bb53a-refs/branch-heads/3987@{#882}) on port 42999
Only local connections are allowed.
Please protect ports used by ChromeDriver and related test frameworks to prevent access by malicious code.
Apr 18, 2020 11:40:11 AM org.openqa.selenium.remote.ProtocolHandshake createSession
INFO: Detected dialect: W3C
[1587199213.155][SEVERE]: Timed out receiving message from renderer: 0.100
[1587199213.257][SEVERE]: Timed out receiving message from renderer: 0.100
[1587199213.360][SEVERE]: Timed out receiving message from renderer: 0.100
[1587199213.463][SEVERE]: Timed out receiving message from renderer: 0.100
[1587199213.566][SEVERE]: Timed out receiving message from renderer: 0.100
[1587199213.668][SEVERE]: Timed out receiving message from renderer: 0.100
[1587199213.772][SEVERE]: Timed out receiving message from renderer: 0.100
[1587199214.784][SEVERE]: Timed out receiving message from renderer: 0.100
[1587199215.448][SEVERE]: Timed out receiving message from renderer: 0.100
[1587199215.848][SEVERE]: Timed out receiving message from renderer: 0.100
[1587199216.586][SEVERE]: Timed out receiving message from renderer: 0.100
[1587199216.925][SEVERE]: Timed out receiving message from renderer: 0.100
[1587199217.033][SEVERE]: Timed out receiving message from renderer: 0.100
[1587199217.141][SEVERE]: Timed out receiving message from renderer: 0.100
[1587199217.261][SEVERE]: Timed out receiving message from renderer: 0.100
[1587199217.365][SEVERE]: Timed out receiving message from renderer: 0.100
[1587199217.677][SEVERE]: Timed out receiving message from renderer: 0.100
[1587199217.833][SEVERE]: Timed out receiving message from renderer: 0.100
[1587199218.760][SEVERE]: Timed out receiving message from renderer: 0.100
[1587199218.986][SEVERE]: Timed out receiving message from renderer: 0.100
[1587199219.100][SEVERE]: Timed out receiving message from renderer: 0.100
[1587199219.204][SEVERE]: Timed out receiving message from renderer: 0.100
[1587199219.309][SEVERE]: Timed out receiving message from renderer: 0.100
[1587199219.418][SEVERE]: Timed out receiving message from renderer: 0.100
[1587199219.523][SEVERE]: Timed out receiving message from renderer: 0.100
[1587199219.627][SEVERE]: Timed out receiving message from renderer: 0.100
[1587199219.734][SEVERE]: Timed out receiving message from renderer: 0.100
[1587199219.837][SEVERE]: Timed out receiving message from renderer: 0.100
[1587199219.941][SEVERE]: Timed out receiving message from renderer: 0.100
[1587199220.050][SEVERE]: Timed out receiving message from renderer: 0.100
[1587199220.153][SEVERE]: Timed out receiving message from renderer: 0.100
[1587199220.259][SEVERE]: Timed out receiving message from renderer: 0.100
[1587199220.364][SEVERE]: Timed out receiving message from renderer: 0.100
[1587199220.467][SEVERE]: Timed out receiving message from renderer: 0.100
[1587199220.572][SEVERE]: Timed out receiving message from renderer: 0.100
[1587199220.676][SEVERE]: Timed out receiving message from renderer: 0.100
[1587199220.779][SEVERE]: Timed out receiving message from renderer: 0.100
[1587199220.883][SEVERE]: Timed out receiving message from renderer: 0.100
[1587199220.987][SEVERE]: Timed out receiving message from renderer: 0.100
[1587199221.090][SEVERE]: Timed out receiving message from renderer: 0.100
[1587199221.248][SEVERE]: Timed out receiving message from renderer: 0.100
[1587199221.350][SEVERE]: Timed out receiving message from renderer: 0.100
[1587199221.452][SEVERE]: Timed out receiving message from renderer: 0.100
[1587199221.562][SEVERE]: Timed out receiving message from renderer: 0.100
[1587199221.667][SEVERE]: Timed out receiving message from renderer: 0.100
[1587199221.771][SEVERE]: Timed out receiving message from renderer: 0.100
[1587199221.873][SEVERE]: Timed out receiving message from renderer: 0.100
[1587199221.979][SEVERE]: Timed out receiving message from renderer: 0.100
[1587199222.090][SEVERE]: Timed out receiving message from renderer: 0.100
[1587199222.192][SEVERE]: Timed out receiving message from renderer: 0.100
[1587199222.295][SEVERE]: Timed out receiving message from renderer: 0.100
[1587199222.647][SEVERE]: Timed out receiving message from renderer: 0.100
[1587199222.751][SEVERE]: Timed out receiving message from renderer: 0.100
[1587199222.855][SEVERE]: Timed out receiving message from renderer: 0.100
[1587199230.869][SEVERE]: Timed out receiving message from renderer: 0.100
[1587199230.982][SEVERE]: Timed out receiving message from renderer: 0.100
[1587199231.085][SEVERE]: Timed out receiving message from renderer: 0.100
[1587199231.193][SEVERE]: Timed out receiving message from renderer: 0.100
[1587199231.310][SEVERE]: Timed out receiving message from renderer: 0.100
[1587199231.413][SEVERE]: Timed out receiving message from renderer: 0.100
[1587199231.550][SEVERE]: Timed out receiving message from renderer: 0.100
[1587199231.653][SEVERE]: Timed out receiving message from renderer: 0.100
[1587199231.757][SEVERE]: Timed out receiving message from renderer: 0.100
[1587199231.863][SEVERE]: Timed out receiving message from renderer: 0.100
[1587199231.967][SEVERE]: Timed out receiving message from renderer: 0.100
[1587199232.070][SEVERE]: Timed out receiving message from renderer: 0.100
[1587199232.174][SEVERE]: Timed out receiving message from renderer: 0.100
[1587199232.278][SEVERE]: Timed out receiving message from renderer: 0.100
[1587199232.382][SEVERE]: Timed out receiving message from renderer: 0.100
[1587199232.485][SEVERE]: Timed out receiving message from renderer: 0.100
[1587199232.592][SEVERE]: Timed out receiving message from renderer: 0.100
[1587199232.695][SEVERE]: Timed out receiving message from renderer: 0.100
[1587199232.806][SEVERE]: Timed out receiving message from renderer: 0.100
[1587199232.910][SEVERE]: Timed out receiving message from renderer: 0.100
[1587199234.066][SEVERE]: Timed out receiving message from renderer: 0.100
[1587199234.170][SEVERE]: Timed out receiving message from renderer: 0.100
[1587199234.275][SEVERE]: Timed out receiving message from renderer: 0.100
[1587199234.542][SEVERE]: Timed out receiving message from renderer: 0.100
[1587199234.817][SEVERE]: Timed out receiving message from renderer: 0.100
[1587199236.069][SEVERE]: Timed out receiving message from renderer: 0.100
[1587199236.250][SEVERE]: Timed out receiving message from renderer: 0.100
[1587199236.776][SEVERE]: Timed out receiving message from renderer: 0.100
[1587199236.880][SEVERE]: Timed out receiving message from renderer: 0.100
[1587199237.093][SEVERE]: Timed out receiving message from renderer: 0.100
[1587199237.203][SEVERE]: Timed out receiving message from renderer: 0.100
[1587199237.403][SEVERE]: Timed out receiving message from renderer: 0.100
]]></system-err>
</testsuite>
